# JRE version: OpenJDK Runtime Environment (8.0_121-b13) (build 1.8.0_121-8u121-b13-0ubuntu1.16.04.2-b13)
# Java VM: OpenJDK 64-Bit Server VM (25.121-b13 mixed mode linux-amd64 compressed oops)
Heap:
 PSYoungGen      total 942592K, used 234656K [0x0000000580000000, 0x00000005da400000, 0x0000000800000000)
  eden space 905216K, 21% used [0x0000000580000000,0x000000058c0acb48,0x00000005b7400000)
  from space 37376K, 99% used [0x00000005b7400000,0x00000005b987b6f8,0x00000005b9880000)
  to   space 188928K, 0% used [0x00000005ceb80000,0x00000005ceb80000,0x00000005da400000)
 ParOldGen       total 793600K, used 296130K [0x0000000080000000, 0x00000000b0700000, 0x0000000580000000)
  object space 793600K, 37% used [0x0000000080000000,0x0000000092130878,0x00000000b0700000)
 Metaspace       used 21645K, capacity 21880K, committed 22016K, reserved 1069056K
  class space    used 2438K, capacity 2508K, committed 2560K, reserved 1048576K
GC Heap History (10 events):
Event: 2.752 GC heap before
{Heap before GC invocations=2 (full 0):
 PSYoungGen      total 263680K, used 245583K [0x0000000580000000, 0x00000005a0300000, 0x0000000800000000)
  eden space 226304K, 100% used [0x0000000580000000,0x000000058dd00000,0x000000058dd00000)
  from space 37376K, 51% used [0x000000058dd00000,0x000000058efd3d20,0x0000000590180000)
  to   space 37376K, 0% used [0x000000059de80000,0x000000059de80000,0x00000005a0300000)
 ParOldGen       total 602112K, used 8K [0x0000000080000000, 0x00000000a4c00000, 0x0000000580000000)
  object space 602112K, 0% used [0x0000000080000000,0x0000000080002000,0x00000000a4c00000)
 Metaspace       used 20573K, capacity 20800K, committed 20864K, reserved 1067008K
  class space    used 2340K, capacity 2408K, committed 2432K, reserved 1048576K
Event: 2.919 GC heap after
Heap after GC invocations=2 (full 0):
 PSYoungGen      total 489984K, used 37360K [0x0000000580000000, 0x00000005a0300000, 0x0000000800000000)
  eden space 452608K, 0% used [0x0000000580000000,0x0000000580000000,0x000000059ba00000)
  from space 37376K, 99% used [0x000000059de80000,0x00000005a02fc0a0,0x00000005a0300000)
  to   space 37376K, 0% used [0x000000059ba00000,0x000000059ba00000,0x000000059de80000)
 ParOldGen       total 602112K, used 45272K [0x0000000080000000, 0x00000000a4c00000, 0x0000000580000000)
  object space 602112K, 7% used [0x0000000080000000,0x0000000082c36028,0x00000000a4c00000)
 Metaspace       used 20573K, capacity 20800K, committed 20864K, reserved 1067008K
  class space    used 2340K, capacity 2408K, committed 2432K, reserved 1048576K
}
Event: 3.442 GC heap before
{Heap before GC invocations=3 (full 0):
 PSYoungGen      total 489984K, used 489968K [0x0000000580000000, 0x00000005a0300000, 0x0000000800000000)
  eden space 452608K, 100% used [0x0000000580000000,0x000000059ba00000,0x000000059ba00000)
  from space 37376K, 99% used [0x000000059de80000,0x00000005a02fc0a0,0x00000005a0300000)
  to   space 37376K, 0% used [0x000000059ba00000,0x000000059ba00000,0x000000059de80000)
 ParOldGen       total 602112K, used 45272K [0x0000000080000000, 0x00000000a4c00000, 0x0000000580000000)
  object space 602112K, 7% used [0x0000000080000000,0x0000000082c36028,0x00000000a4c00000)
 Metaspace       used 20609K, capacity 20800K, committed 20864K, reserved 1067008K
  class space    used 2340K, capacity 2408K, committed 2432K, reserved 1048576K
Event: 3.819 GC heap after
Heap after GC invocations=3 (full 0):
 PSYoungGen      total 489984K, used 37344K [0x0000000580000000, 0x00000005bbd00000, 0x0000000800000000)
  eden space 452608K, 0% used [0x0000000580000000,0x0000000580000000,0x000000059ba00000)
  from space 37376K, 99% used [0x000000059ba00000,0x000000059de78070,0x000000059de80000)
  to   space 37376K, 0% used [0x00000005b9880000,0x00000005b9880000,0x00000005bbd00000)
 ParOldGen       total 602112K, used 195152K [0x0000000080000000, 0x00000000a4c00000, 0x0000000580000000)
  object space 602112K, 32% used [0x0000000080000000,0x000000008be94028,0x00000000a4c00000)
 Metaspace       used 20609K, capacity 20800K, committed 20864K, reserved 1067008K
  class space    used 2340K, capacity 2408K, committed 2432K, reserved 1048576K
}
Event: 4.211 GC heap before
{Heap before GC invocations=4 (full 0):
 PSYoungGen      total 489984K, used 116584K [0x0000000580000000, 0x00000005bbd00000, 0x0000000800000000)
  eden space 452608K, 17% used [0x0000000580000000,0x0000000584d62230,0x000000059ba00000)
  from space 37376K, 99% used [0x000000059ba00000,0x000000059de78070,0x000000059de80000)
  to   space 37376K, 0% used [0x00000005b9880000,0x00000005b9880000,0x00000005bbd00000)
 ParOldGen       total 602112K, used 195152K [0x0000000080000000, 0x00000000a4c00000, 0x0000000580000000)
  object space 602112K, 32% used [0x0000000080000000,0x000000008be94028,0x00000000a4c00000)
 Metaspace       used 20911K, capacity 21088K, committed 21248K, reserved 1069056K
  class space    used 2371K, capacity 2440K, committed 2560K, reserved 1048576K
Event: 4.309 GC heap after
Heap after GC invocations=4 (full 0):
 PSYoungGen      total 942592K, used 37348K [0x0000000580000000, 0x00000005bbd00000, 0x0000000800000000)
  eden space 905216K, 0% used [0x0000000580000000,0x0000000580000000,0x00000005b7400000)
  from space 37376K, 99% used [0x00000005b9880000,0x00000005bbcf91b0,0x00000005bbd00000)
  to   space 37376K, 0% used [0x00000005b7400000,0x00000005b7400000,0x00000005b9880000)
 ParOldGen       total 602112K, used 201049K [0x0000000080000000, 0x00000000a4c00000, 0x0000000580000000)
  object space 602112K, 33% used [0x0000000080000000,0x000000008c456448,0x00000000a4c00000)
 Metaspace       used 20911K, capacity 21088K, committed 21248K, reserved 1069056K
  class space    used 2371K, capacity 2440K, committed 2560K, reserved 1048576K
}
Event: 4.309 GC heap before
{Heap before GC invocations=5 (full 1):
 PSYoungGen      total 942592K, used 37348K [0x0000000580000000, 0x00000005bbd00000, 0x0000000800000000)
  eden space 905216K, 0% used [0x0000000580000000,0x0000000580000000,0x00000005b7400000)
  from space 37376K, 99% used [0x00000005b9880000,0x00000005bbcf91b0,0x00000005bbd00000)
  to   space 37376K, 0% used [0x00000005b7400000,0x00000005b7400000,0x00000005b9880000)
 ParOldGen       total 602112K, used 201049K [0x0000000080000000, 0x00000000a4c00000, 0x0000000580000000)
  object space 602112K, 33% used [0x0000000080000000,0x000000008c456448,0x00000000a4c00000)
 Metaspace       used 20911K, capacity 21088K, committed 21248K, reserved 1069056K
  class space    used 2371K, capacity 2440K, committed 2560K, reserved 1048576K
Event: 11.763 GC heap after
Heap after GC invocations=5 (full 1):
 PSYoungGen      total 942592K, used 0K [0x0000000580000000, 0x00000005bbd00000, 0x0000000800000000)
  eden space 905216K, 0% used [0x0000000580000000,0x0000000580000000,0x00000005b7400000)
  from space 37376K, 0% used [0x00000005b9880000,0x00000005b9880000,0x00000005bbd00000)
  to   space 37376K, 0% used [0x00000005b7400000,0x00000005b7400000,0x00000005b9880000)
 ParOldGen       total 793600K, used 237618K [0x0000000080000000, 0x00000000b0700000, 0x0000000580000000)
  object space 793600K, 29% used [0x0000000080000000,0x000000008e80c848,0x00000000b0700000)
 Metaspace       used 20911K, capacity 21088K, committed 21248K, reserved 1069056K
  class space    used 2371K, capacity 2440K, committed 2560K, reserved 1048576K
}
Event: 28.140 GC heap before
{Heap before GC invocations=6 (full 1):
 PSYoungGen      total 942592K, used 905216K [0x0000000580000000, 0x00000005bbd00000, 0x0000000800000000)
  eden space 905216K, 100% used [0x0000000580000000,0x00000005b7400000,0x00000005b7400000)
  from space 37376K, 0% used [0x00000005b9880000,0x00000005b9880000,0x00000005bbd00000)
  to   space 37376K, 0% used [0x00000005b7400000,0x00000005b7400000,0x00000005b9880000)
 ParOldGen       total 793600K, used 237618K [0x0000000080000000, 0x00000000b0700000, 0x0000000580000000)
  object space 793600K, 29% used [0x0000000080000000,0x000000008e80c848,0x00000000b0700000)
 Metaspace       used 21643K, capacity 21880K, committed 22016K, reserved 1069056K
  class space    used 2438K, capacity 2508K, committed 2560K, reserved 1048576K
Event: 28.254 GC heap after
Heap after GC invocations=6 (full 1):
 PSYoungGen      total 942592K, used 37357K [0x0000000580000000, 0x00000005da400000, 0x0000000800000000)
  eden space 905216K, 0% used [0x0000000580000000,0x0000000580000000,0x00000005b7400000)
  from space 37376K, 99% used [0x00000005b7400000,0x00000005b987b6f8,0x00000005b9880000)
  to   space 188928K, 0% used [0x00000005ceb80000,0x00000005ceb80000,0x00000005da400000)
 ParOldGen       total 793600K, used 296130K [0x0000000080000000, 0x00000000b0700000, 0x0000000580000000)
  object space 793600K, 37% used [0x0000000080000000,0x0000000092130878,0x00000000b0700000)
 Metaspace       used 21643K, capacity 21880K, committed 22016K, reserved 1069056K
  class space    used 2438K, capacity 2508K, committed 2560K, reserved 1048576K
}

